Performing C SOURCE FILE Test CMAKE_HAVE_LIBC_PTHREAD failed with the following output:
Change Dir: /home/clemence/Bureau/Projet/imacrun3D/build/CMakeFiles/CMakeTmp

Run Build Command(s):/usr/bin/make cmTC_cdd41/fast && /usr/bin/make -f CMakeFiles/cmTC_cdd41.dir/build.make CMakeFiles/cmTC_cdd41.dir/build
make[1] : on entre dans le répertoire « /home/clemence/Bureau/Projet/imacrun3D/build/CMakeFiles/CMakeTmp »
Building C object CMakeFiles/cmTC_cdd41.dir/src.c.o
/bin/x86_64-linux-gnu-gcc-9   -DCMAKE_HAVE_LIBC_PTHREAD   -o CMakeFiles/cmTC_cdd41.dir/src.c.o   -c /home/clemence/Bureau/Projet/imacrun3D/build/CMakeFiles/CMakeTmp/src.c
Linking C executable cmTC_cdd41
/usr/bin/cmake -E cmake_link_script CMakeFiles/cmTC_cdd41.dir/link.txt --verbose=1
/bin/x86_64-linux-gnu-gcc-9  -DCMAKE_HAVE_LIBC_PTHREAD    CMakeFiles/cmTC_cdd41.dir/src.c.o  -o cmTC_cdd41 
/usr/bin/ld : CMakeFiles/cmTC_cdd41.dir/src.c.o : dans la fonction « main » :
src.c:(.text+0x46) : référence indéfinie vers « pthread_create »
/usr/bin/ld : src.c:(.text+0x52) : référence indéfinie vers « pthread_detach »
/usr/bin/ld : src.c:(.text+0x63) : référence indéfinie vers « pthread_join »
collect2: error: ld returned 1 exit status
make[1]: *** [CMakeFiles/cmTC_cdd41.dir/build.make:87 : cmTC_cdd41] Erreur 1
make[1] : on quitte le répertoire « /home/clemence/Bureau/Projet/imacrun3D/build/CMakeFiles/CMakeTmp »
make: *** [Makefile:121 : cmTC_cdd41/fast] Erreur 2


Source file was:
#include <pthread.h>

void* test_func(void* data)
{
  return data;
}

int main(void)
{
  pthread_t thread;
  pthread_create(&thread, NULL, test_func, NULL);
  pthread_detach(thread);
  pthread_join(thread, NULL);
  pthread_atfork(NULL, NULL, NULL);
  pthread_exit(NULL);

  return 0;
}

Determining if the function pthread_create exists in the pthreads failed with the following output:
Change Dir: /home/clemence/Bureau/Projet/imacrun3D/build/CMakeFiles/CMakeTmp

Run Build Command(s):/usr/bin/make cmTC_9fe0e/fast && /usr/bin/make -f CMakeFiles/cmTC_9fe0e.dir/build.make CMakeFiles/cmTC_9fe0e.dir/build
make[1] : on entre dans le répertoire « /home/clemence/Bureau/Projet/imacrun3D/build/CMakeFiles/CMakeTmp »
Building C object CMakeFiles/cmTC_9fe0e.dir/CheckFunctionExists.c.o
/bin/x86_64-linux-gnu-gcc-9   -DCHECK_FUNCTION_EXISTS=pthread_create   -o CMakeFiles/cmTC_9fe0e.dir/CheckFunctionExists.c.o   -c /usr/share/cmake-3.16/Modules/CheckFunctionExists.c
Linking C executable cmTC_9fe0e
/usr/bin/cmake -E cmake_link_script CMakeFiles/cmTC_9fe0e.dir/link.txt --verbose=1
/bin/x86_64-linux-gnu-gcc-9  -DCHECK_FUNCTION_EXISTS=pthread_create    CMakeFiles/cmTC_9fe0e.dir/CheckFunctionExists.c.o  -o cmTC_9fe0e  -lpthreads 
/usr/bin/ld : ne peut trouver -lpthreads
collect2: error: ld returned 1 exit status
make[1]: *** [CMakeFiles/cmTC_9fe0e.dir/build.make:87 : cmTC_9fe0e] Erreur 1
make[1] : on quitte le répertoire « /home/clemence/Bureau/Projet/imacrun3D/build/CMakeFiles/CMakeTmp »
make: *** [Makefile:121 : cmTC_9fe0e/fast] Erreur 2



